<?xml version="1.0" encoding="UTF-8"?>
<!-- Generated by org.testng.reporters.JUnitReportReporter -->
<testsuite skipped="0" hostname="DESKTOP-R8FNNF1" name="org.tcs.Sample" tests="2" failures="0" timestamp="16 Apr 2022 08:22:43 GMT" time="0.015" errors="0">
  <testcase name="test2" time="0.002" classname="org.tcs.Sample"/>
  <testcase name="test1" time="0.013" classname="org.tcs.Sample"/>
</testsuite> <!-- org.tcs.Sample -->
