<?xml version="1.0" encoding="UTF-8"?>
<!-- Generated by org.testng.reporters.JUnitReportReporter -->
<testsuite skipped="0" hostname="DESKTOP-R8FNNF1" name="org.tcs.Employee" tests="1" failures="0" timestamp="16 Apr 2022 08:22:43 GMT" time="0.002" errors="0">
  <testcase name="test12" time="0.002" classname="org.tcs.Employee"/>
</testsuite> <!-- org.tcs.Employee -->
